1648307561252	geckodriver	INFO	Listening on 127.0.0.1:60135
1648307564336	mozrunner::runner	INFO	Running command: "C:\\Program Files\\Mozilla Firefox\\firefox.exe" "--marionette" "--remote-debugging-port" "60136" "-no-remote" "-profile" "C:\\Users\\windows\\AppData\\Local\\Temp\\rust_mozprofileH2fWm0"
1648307564819	Marionette	INFO	Marionette enabled
console.warn: SearchSettings: "get: No settings file exists, new profile?" (new NotFoundError("Could not open the file at C:\\Users\\windows\\AppData\\Local\\Temp\\rust_mozprofileH2fWm0\\search.json.mozlz4", (void 0)))
DevTools listening on ws://localhost:60136/devtools/browser/5858f640-3a05-4169-9418-191f4f24f9cd
1648307567563	Marionette	INFO	Listening on port 60141
1648307568115	RemoteAgent	WARN	TLS certificate errors will be ignored for this session
1648307580749	Marionette	INFO	Stopped listening on port 60141
1648307636298	geckodriver	INFO	Listening on 127.0.0.1:60267
1648307639403	mozrunner::runner	INFO	Running command: "C:\\Program Files\\Mozilla Firefox\\firefox.exe" "--marionette" "--remote-debugging-port" "60268" "-no-remote" "-profile" "C:\\Users\\windows\\AppData\\Local\\Temp\\rust_mozprofileeNDQM9"
1648307639859	Marionette	INFO	Marionette enabled
console.warn: SearchSettings: "get: No settings file exists, new profile?" (new NotFoundError("Could not open the file at C:\\Users\\windows\\AppData\\Local\\Temp\\rust_mozprofileeNDQM9\\search.json.mozlz4", (void 0)))
DevTools listening on ws://localhost:60268/devtools/browser/67494031-1e44-4eb2-86a3-10ab8f47a8ad
1648307642609	Marionette	INFO	Listening on port 60273
1648307642648	RemoteAgent	WARN	TLS certificate errors will be ignored for this session
console.warn: LoginRecipes: "getRecipes: falling back to a synchronous message for:" "https://betway.com"
JavaScript warning: https://nexus.ensighten.com/betway/prod/code/4b69a86c041804697b3e7943b32231d6.js?conditionId0=4890032, line 130: unreachable code after return statement
console.warn: LoginRecipes: "getRecipes: falling back to a synchronous message for:" "https://ensighten.betway.com"
console.warn: LoginRecipes: "getRecipes: falling back to a synchronous message for:" "https://ensighten.betway.com"
JavaScript warning: https://tgtag.io/tg.js?pid=tg-g-004417-001, line 1: WebGL context was lost.
JavaScript warning: https://tgtag.io/tg.js?pid=tg-g-004417-001, line 1: WEBGL_debug_renderer_info is deprecated in Firefox and will be removed. Please use RENDERER.
JavaScript warning: https://tgtag.io/tg.js?pid=tg-g-004417-001, line 1: WebGL context was lost.
1648307656319	Marionette	INFO	Stopped listening on port 60273
